<?xml version="1.0" encoding="UTF-8"?>
<!-- Generated by org.testng.reporters.JUnitReportReporter -->
<testsuite hostname="NDPSLTP22-137" failures="0" tests="1" name="com.mystore.testcases.Newtest" time="99.739" errors="0" timestamp="2024-11-15T20:03:04 IST" skipped="0">
  <testcase classname="com.mystore.testcases.Newtest" name="testrun" time="99.739"/>
  <system-out>
    <![CDATA[LoginBtn Displayed
Clicking on LogIn button
user email entered
entered password
adding product...
view product cart...
Enternameoncard....
entercardnum....
entering cvc...
Entering expiry month
Entering expiry year
clicking on submit paydetails
Validating order confirmed....]]>
  </system-out>
</testsuite> <!-- com.mystore.testcases.Newtest -->
