<?xml version="1.0" encoding="UTF-8"?>
<!-- Generated by org.testng.reporters.JUnitReportReporter -->
<testsuite hostname="NDPSLTP22-137" failures="0" tests="1" name="com.mystore.testcases.Indexpagetest" time="78.829" errors="0" timestamp="2024-11-14T21:45:35 IST" skipped="0">
  <testcase classname="com.mystore.testcases.Indexpagetest" name="testFirstNameTabDisability" time="78.829"/>
  <system-out>
    <![CDATA[Validating order confirmed....]]>
  </system-out>
</testsuite> <!-- com.mystore.testcases.Indexpagetest -->
